<?xml version="1.0" encoding="UTF-8"?>
<!-- Generated by org.testng.reporters.JUnitReportReporter -->
<testsuite hostname="LAPTOP-ELS3U9TE" failures="0" tests="2" name="MapsSync.TestNgDemo" time="0.029" errors="0" timestamp="14 Mar 2020 06:40:20 GMT">
  <testcase classname="MapsSync.TestNgDemo" name="sum" time="0.002"/>
  <testcase classname="MapsSync.TestNgDemo" name="sub" time="0.027"/>
</testsuite> <!-- MapsSync.TestNgDemo -->
