<?xml version="1.0" encoding="UTF-8"?>
<!-- Generated by org.testng.reporters.JUnitReportReporter -->
<testsuite skipped="1" hostname="RND-71580351" name="Validations.HomePageValidation" tests="2" failures="0" timestamp="17 Mar 2020 07:12:29 GMT" time="3.768" errors="0">
  <testcase name="TC01_StartBrowserandValidatePageTitle" time="3.768" classname="Validations.HomePageValidation"/>
  <testcase name="TC02_VerifyMainPage" classname="Validations.HomePageValidation">
    <skipped/>
  </testcase> <!-- TC02_VerifyMainPage -->
</testsuite> <!-- Validations.HomePageValidation -->
