<?xml version="1.0" encoding="UTF-8"?>
<!-- Generated by org.testng.reporters.JUnitReportReporter -->
<testsuite hostname="LAPTOP-ELS3U9TE" failures="0" tests="1" name="Validations.HomePageValidation" time="6.326" errors="0" timestamp="15 Mar 2020 11:59:44 GMT" skipped="0">
  <testcase classname="Validations.HomePageValidation" name="TC02_VerifyMainPage" time="6.326"/>
</testsuite> <!-- Validations.HomePageValidation -->
